[debug] [2023-05-06T19:43:40.439Z] ----------------------------------------------------------------------
[debug] [2023-05-06T19:43:40.441Z] Command:       C:\Program Files\nodejs\node.exe C:\Users\prana\AppData\Roaming\npm\node_modules\firebase-tools\lib\bin\firebase.js init
[debug] [2023-05-06T19:43:40.442Z] CLI Version:   11.30.0
[debug] [2023-05-06T19:43:40.442Z] Platform:      win32
[debug] [2023-05-06T19:43:40.442Z] Node Version:  v16.13.2
[debug] [2023-05-06T19:43:40.444Z] Time:          Sun May 07 2023 01:13:40 GMT+0530 (India Standard Time)
[debug] [2023-05-06T19:43:40.444Z] ----------------------------------------------------------------------
[debug] 
[debug] [2023-05-06T19:43:40.457Z] > command requires scopes: ["email","openid","https://www.googleapis.com/auth/cloudplatformprojects.readonly","https://www.googleapis.com/auth/firebase","https://www.googleapis.com/auth/cloud-platform"]
[debug] [2023-05-06T19:43:40.458Z] > authorizing via signed-in user (jajusdecorators@gmail.com)
[info] 
     ######## #### ########  ######## ########     ###     ######  ########
     ##        ##  ##     ## ##       ##     ##  ##   ##  ##       ##
     ######    ##  ########  ######   ########  #########  ######  ######
     ##        ##  ##    ##  ##       ##     ## ##     ##       ## ##
     ##       #### ##     ## ######## ########  ##     ##  ######  ########

You're about to initialize a Firebase project in this directory:

  C:\Users\prana\Desktop\decorator

[info] 
=== Project Setup
[info] 
[info] First, let's associate this project directory with a Firebase project.
[info] You can create multiple project aliases by running firebase use --add, 
[info] but for now we'll just set up a default project.
[info] 
[debug] [2023-05-06T19:44:01.780Z] >>> [apiv2][query] GET https://firebase.googleapis.com/v1beta1/projects pageSize=100
[debug] [2023-05-06T19:44:02.646Z] <<< [apiv2][status] GET https://firebase.googleapis.com/v1beta1/projects 200
[debug] [2023-05-06T19:44:02.647Z] <<< [apiv2][body] GET https://firebase.googleapis.com/v1beta1/projects [omitted]
[info] i  Using project jaju-s-decorators (Jaju's Decorators) 
[info] 
=== Hosting Setup
[info] 
[info] Your public directory is the folder (relative to your project directory) that
[info] will contain Hosting assets to be uploaded with firebase deploy. If you
[info] have a build process for your assets, use your build's output directory.
[info] 
